<?xml version="1.0" encoding="UTF-8"?>
<!-- Generated by org.testng.reporters.JUnitReportReporter -->
<testsuite hostname="IN2361417W3" failures="0" tests="8" name="tests.RestAssuredDemo" time="10.135" errors="0" timestamp="2021-10-17T21:01:27 IST" skipped="0">
  <testcase classname="tests.RestAssuredDemo" name="post2" time="0.680"/>
  <system-out/>
  <testcase classname="tests.RestAssuredDemo" name="get2" time="0.398"/>
  <system-out/>
  <testcase classname="tests.RestAssuredDemo" name="patch" time="0.574"/>
  <system-out/>
  <testcase classname="tests.RestAssuredDemo" name="get3" time="0.947"/>
  <system-out/>
  <testcase classname="tests.RestAssuredDemo" name="post1" time="0.551"/>
  <system-out/>
  <testcase classname="tests.RestAssuredDemo" name="put" time="0.569"/>
  <system-out/>
  <testcase classname="tests.RestAssuredDemo" name="delete" time="4.594"/>
  <system-out/>
  <testcase classname="tests.RestAssuredDemo" name="get1" time="1.822"/>
  <system-out/>
</testsuite> <!-- tests.RestAssuredDemo -->
